"../../../../../../Projects/Alexandr23012020GB/Content/AnimStarterPack/UE4_Mannequin/Mesh/MainSkeleton.uasset" 0
"../../../../../../Projects/Alexandr23012020GB/Content/AnimStarterPack/Crouch_Idle_Rifle_Hip.uasset" 1
"../../../../../../Projects/Alexandr23012020GB/Content/AnimStarterPack/Crouch_Walk_Bwd_Rifle_Hip.uasset" 2
"../../../../../../Projects/Alexandr23012020GB/Content/AnimStarterPack/Crouch_Walk_Fwd_Rifle_Hip.uasset" 3
"../../../../../../Projects/Alexandr23012020GB/Content/AnimStarterPack/Crouch_Walk_Lt_Rifle_Hip.uasset" 4
"../../../../../../Projects/Alexandr23012020GB/Content/AnimStarterPack/Crouch_Walk_Rt_Rifle_Hip.uasset" 5
"../../../../../../Projects/Alexandr23012020GB/Content/BP/Anim/CrouchBS.uasset" 6
"../../../../../../Projects/Alexandr23012020GB/Content/AnimStarterPack/Idle_Rifle_Hip.uasset" 7
"../../../../../../Projects/Alexandr23012020GB/Content/AnimStarterPack/Jog_Bwd_Rifle.uasset" 8
"../../../../../../Projects/Alexandr23012020GB/Content/AnimStarterPack/Jog_Fwd_Rifle.uasset" 9
"../../../../../../Projects/Alexandr23012020GB/Content/AnimStarterPack/Jog_Lt_Rifle.uasset" 10
"../../../../../../Projects/Alexandr23012020GB/Content/AnimStarterPack/Jog_Rt_Rifle.uasset" 11
"../../../../../../Projects/Alexandr23012020GB/Content/AnimStarterPack/Sprint_Fwd_Rifle.uasset" 12
"../../../../../../Projects/Alexandr23012020GB/Content/BP/Anim/JogBS.uasset" 13
"../../../../../../Projects/Alexandr23012020GB/Content/BP/Anim/MainAnimBP.uasset" 14
"../../../Engine/Content/EditorBlueprintResources/StandardMacros.uasset" 15
"../../../../../../Projects/Alexandr23012020GB/Content/BP/Character/HPcomp.uasset" 16
"../../../../../../Projects/Alexandr23012020GB/Content/StarterContent/Materials/M_Glass.uasset" 17
"../../../../../../Projects/Alexandr23012020GB/Content/StarterContent/Textures/T_Door_M.uasset" 18
"../../../../../../Projects/Alexandr23012020GB/Content/StarterContent/Textures/T_Door_N.uasset" 19
"../../../../../../Projects/Alexandr23012020GB/Content/StarterContent/Props/Materials/M_Door.uasset" 20
"../../../../../../Projects/Alexandr23012020GB/Content/StarterContent/Props/SM_Door.uasset" 21
"../../../../../../Projects/Alexandr23012020GB/Content/StarterContent/Textures/T_Frame_M.uasset" 22
"../../../../../../Projects/Alexandr23012020GB/Content/StarterContent/Textures/T_Frame_N.uasset" 23
"../../../../../../Projects/Alexandr23012020GB/Content/StarterContent/Props/Materials/M_Frame.uasset" 24
"../../../../../../Projects/Alexandr23012020GB/Content/StarterContent/Props/SM_DoorFrame.uasset" 25
"../../../../../../Projects/Alexandr23012020GB/Content/BP/Interact/DoorBase.uasset" 26
"../../../../../../Projects/Alexandr23012020GB/Content/StarterContent/Materials/M_AssetPlatform.uasset" 27
"../../../../../../Projects/Alexandr23012020GB/Content/StarterContent/Architecture/SM_AssetPlatform.uasset" 28
"../../../../../../Projects/Alexandr23012020GB/Content/BP/Interact/Elevator.uasset" 29
"../../../../../../Projects/Alexandr23012020GB/Content/BP/Interact/Weapons/WeaponType.uasset" 30
"../../../../../../Projects/Alexandr23012020GB/Content/StarterContent/FirstPerson/Textures/FirstPersonCrosshair.uasset" 31
"../../../../../../Projects/Alexandr23012020GB/Content/StarterContent/Textures/T_Burst_M.uasset" 32
"../../../../../../Projects/Alexandr23012020GB/Content/StarterContent/Textures/T_Ceramic_Tile_M.uasset" 33
"../../../../../../Projects/Alexandr23012020GB/Content/BP/Interact/Weapons/WeaponAmmo.uasset" 34
"../../../../../../Projects/Alexandr23012020GB/Content/AnimStarterPack/Fire_Shotgun_Hip.uasset" 35
"../../../../../../Projects/Alexandr23012020GB/Content/AnimStarterPack/Fire_Shotgun_Hip_Montage.uasset" 36
"../../../../../../Projects/Alexandr23012020GB/Content/BP/Material/BaseMaterial.uasset" 37
"../../../../../../Projects/Alexandr23012020GB/Content/StarterContent/Audio/Explosion01.uasset" 38
"../../../../../../Projects/Alexandr23012020GB/Content/StarterContent/Particles/Materials/M_Burst.uasset" 39
"../../../../../../Projects/Alexandr23012020GB/Content/StarterContent/Textures/T_Explosion_SubUV.uasset" 40
"../../../../../../Projects/Alexandr23012020GB/Content/StarterContent/Particles/Materials/M_explosion_subUV.uasset" 41
"../../../../../../Projects/Alexandr23012020GB/Content/StarterContent/Particles/Materials/m_flare_01.uasset" 42
"../../../Engine/Content/Functions/Engine_MaterialFunctions01/Gradient/RadialGradient.uasset" 43
"../../../../../../Projects/Alexandr23012020GB/Content/StarterContent/Particles/Materials/M_radial_ramp.uasset" 44
"../../../../../../Projects/Alexandr23012020GB/Content/StarterContent/Textures/T_Smoke_SubUV.uasset" 45
"../../../../../../Projects/Alexandr23012020GB/Content/StarterContent/Textures/T_Smoke_Tiled_D.uasset" 46
"../../../../../../Projects/Alexandr23012020GB/Content/StarterContent/Particles/Materials/M_smoke_subUV.uasset" 47
"../../../../../../Projects/Alexandr23012020GB/Content/StarterContent/Particles/P_Explosion.uasset" 48
"../../../Engine/Content/Functions/Engine_MaterialFunctions01/Opacity/CameraDepthFade.uasset" 49
"../../../Engine/Content/EngineMaterials/T_Default_Material_Grid_M.uasset" 50
"../../../Engine/Content/EngineMaterials/T_Default_Material_Grid_N.uasset" 51
"../../../Engine/Content/EngineMaterials/WorldGridMaterial.uasset" 52
"../../../../../../Projects/Alexandr23012020GB/Content/StarterContent/Props/MaterialSphere.uasset" 53
"../../../../../../Projects/Alexandr23012020GB/Content/BP/Interact/Weapons/Ammunation/ProjectileBase.uasset" 54
"../../../Engine/Content/Functions/Engine_MaterialFunctions02/Utility/BlendAngleCorrectedNormals.uasset" 55
"../../../Engine/Content/Functions/MaterialLayerFunctions/MatLayerBlend_NormalBlend.uasset" 56
"../../../Engine/Content/Functions/MaterialLayerFunctions/MatLayerBlend_Simple.uasset" 57
"../../../../../../Projects/Alexandr23012020GB/Content/StarterContent/FirstPerson/FPWeapon/Materials/MaterialLayers/T_ML_Rubber_Blue_01_D.uasset" 58
"../../../../../../Projects/Alexandr23012020GB/Content/StarterContent/FirstPerson/FPWeapon/Materials/MaterialLayers/T_ML_Rubber_Blue_01_N.uasset" 59
"../../../../../../Projects/Alexandr23012020GB/Content/StarterContent/FirstPerson/FPWeapon/Materials/MaterialLayers/ML_GlossyBlack_Latex_UE4.uasset" 60
"../../../../../../Projects/Alexandr23012020GB/Content/StarterContent/FirstPerson/FPWeapon/Materials/MaterialLayers/ML_Plastic_Shiny_Beige.uasset" 61
"../../../../../../Projects/Alexandr23012020GB/Content/StarterContent/FirstPerson/FPWeapon/Materials/MaterialLayers/ML_Screen.uasset" 62
"../../../../../../Projects/Alexandr23012020GB/Content/StarterContent/FirstPerson/FPWeapon/Materials/MaterialLayers/T_ML_Aluminum01.uasset" 63
"../../../../../../Projects/Alexandr23012020GB/Content/StarterContent/FirstPerson/FPWeapon/Materials/MaterialLayers/T_ML_Aluminum01_N.uasset" 64
"../../../../../../Projects/Alexandr23012020GB/Content/StarterContent/FirstPerson/FPWeapon/Materials/MaterialLayers/ML_SoftMetal_UE4.uasset" 65
"../../../../../../Projects/Alexandr23012020GB/Content/StarterContent/FirstPerson/FPWeapon/Textures/T_FPGun_M.uasset" 66
"../../../../../../Projects/Alexandr23012020GB/Content/StarterContent/FirstPerson/FPWeapon/Textures/T_FPGun_N.uasset" 67
"../../../../../../Projects/Alexandr23012020GB/Content/StarterContent/FirstPerson/FPWeapon/Materials/M_FPGun.uasset" 68
"../../../../../../Projects/Alexandr23012020GB/Content/StarterContent/FirstPerson/FPWeapon/Mesh/SK_FPGun_PhysicsAsset.uasset" 69
"../../../../../../Projects/Alexandr23012020GB/Content/StarterContent/FirstPerson/FPWeapon/Mesh/SK_FPGun_Skeleton.uasset" 70
"../../../../../../Projects/Alexandr23012020GB/Content/StarterContent/FirstPerson/FPWeapon/Mesh/SK_FPGun.uasset" 71
"../../../../../../Projects/Alexandr23012020GB/Content/BP/Interact/Weapons/WeaponBase.uasset" 72
"../../../Engine/Content/Functions/MaterialLayerFunctions/MatLayerBlend_AO.uasset" 73
"../../../../../../Projects/Alexandr23012020GB/Content/AnimStarterPack/UE4_Mannequin/Materials/MaterialLayers/T_ML_Rubber_Blue_01_D.uasset" 74
"../../../../../../Projects/Alexandr23012020GB/Content/AnimStarterPack/UE4_Mannequin/Materials/MaterialLayers/T_ML_Rubber_Blue_01_N.uasset" 75
"../../../../../../Projects/Alexandr23012020GB/Content/AnimStarterPack/UE4_Mannequin/Materials/MaterialLayers/ML_GlossyBlack_Latex_UE4.uasset" 76
"../../../../../../Projects/Alexandr23012020GB/Content/AnimStarterPack/UE4_Mannequin/Materials/MaterialLayers/ML_Plastic_Shiny_Beige.uasset" 77
"../../../../../../Projects/Alexandr23012020GB/Content/AnimStarterPack/UE4_Mannequin/Textures/UE4_LOGO_CARD.uasset" 78
"../../../../../../Projects/Alexandr23012020GB/Content/AnimStarterPack/UE4_Mannequin/Materials/MaterialLayers/ML_Plastic_Shiny_Beige_LOGO.uasset" 79
"../../../../../../Projects/Alexandr23012020GB/Content/AnimStarterPack/UE4_Mannequin/Materials/MaterialLayers/T_ML_Aluminum01.uasset" 80
"../../../../../../Projects/Alexandr23012020GB/Content/AnimStarterPack/UE4_Mannequin/Materials/MaterialLayers/T_ML_Aluminum01_N.uasset" 81
"../../../../../../Projects/Alexandr23012020GB/Content/AnimStarterPack/UE4_Mannequin/Materials/MaterialLayers/ML_SoftMetal_UE4.uasset" 82
"../../../../../../Projects/Alexandr23012020GB/Content/AnimStarterPack/UE4_Mannequin/Textures/UE4_Mannequin__normals.uasset" 83
"../../../../../../Projects/Alexandr23012020GB/Content/AnimStarterPack/UE4_Mannequin/Textures/UE4_Mannequin_MAT_MASKA.uasset" 84
"../../../../../../Projects/Alexandr23012020GB/Content/AnimStarterPack/UE4_Mannequin/Textures/UE4_Mannequin_occlusion_Mobile.uasset" 85
"../../../../../../Projects/Alexandr23012020GB/Content/AnimStarterPack/UE4_Mannequin/Materials/M_UE4Man_Body.uasset" 86
"../../../../../../Projects/Alexandr23012020GB/Content/AnimStarterPack/UE4_Mannequin/Textures/UE4Man_Logo_N.uasset" 87
"../../../../../../Projects/Alexandr23012020GB/Content/AnimStarterPack/UE4_Mannequin/Materials/M_UE4Man_ChestLogo.uasset" 88
"../../../../../../Projects/Alexandr23012020GB/Content/AnimStarterPack/UE4_Mannequin/Mesh/SK_Mannequin_PhysicsAsset.uasset" 89
"../../../../../../Projects/Alexandr23012020GB/Content/AnimStarterPack/UE4_Mannequin/Mesh/MainSkeletalMesh.uasset" 90
"../../../../../../Projects/Alexandr23012020GB/Content/StarterContent/Audio/Collapse_Cue.uasset" 91
"../../../../../../Projects/Alexandr23012020GB/Content/BP/Character/MainCharacter.uasset" 92
"../../../../../../Projects/Alexandr23012020GB/Content/StarterContent/Textures/T_TableRound_M.uasset" 93
"../../../../../../Projects/Alexandr23012020GB/Content/StarterContent/Textures/T_TableRound_N.uasset" 94
"../../../../../../Projects/Alexandr23012020GB/Content/StarterContent/Props/Materials/M_TableRound.uasset" 95
"../../../../../../Projects/Alexandr23012020GB/Content/BP/Character/Dummy.uasset" 96
"../../../../../../Projects/Alexandr23012020GB/Content/BP/Character/StaminaComp.uasset" 97
"../../../../../../Projects/Alexandr23012020GB/Content/StarterContent/Textures/T_MacroVariation.uasset" 98
"../../../../../../Projects/Alexandr23012020GB/Content/StarterContent/Textures/T_Metal_Copper_D.uasset" 99
"../../../../../../Projects/Alexandr23012020GB/Content/StarterContent/Textures/T_Metal_Gold_N.uasset" 100
"../../../../../../Projects/Alexandr23012020GB/Content/StarterContent/Materials/M_Metal_Copper.uasset" 101
"../../../../../../Projects/Alexandr23012020GB/Content/BP/Interact/HoverPlatform.uasset" 102
"../../../../../../Projects/Alexandr23012020GB/Content/StarterContent/Materials/M_Basic_Wall.uasset" 103
"../../../../../../Projects/Alexandr23012020GB/Content/StarterContent/Architecture/Pillar_50x500.uasset" 104
"../../../../../../Projects/Alexandr23012020GB/Content/StarterContent/Architecture/Wall_400x400.uasset" 105
"../../../../../../Projects/Alexandr23012020GB/Content/StarterContent/Architecture/Wall_500x500.uasset" 106
"../../../../../../Projects/Alexandr23012020GB/Content/StarterContent/Architecture/Wall_Door_400x400.uasset" 107
"../../../../../../Projects/Alexandr23012020GB/Content/StarterContent/Architecture/Wall_Window_400x400.uasset" 108
"../../../../../../Projects/Alexandr23012020GB/Content/StarterContent/Audio/Collapse01.uasset" 109
"../../../../../../Projects/Alexandr23012020GB/Content/StarterContent/Audio/Collapse02.uasset" 110
"../../../../../../Projects/Alexandr23012020GB/Content/StarterContent/Audio/Explosion02.uasset" 111
"../../../../../../Projects/Alexandr23012020GB/Content/StarterContent/Audio/Fire01.uasset" 112
"../../../../../../Projects/Alexandr23012020GB/Content/StarterContent/Audio/Fire_Sparks01.uasset" 113
"../../../../../../Projects/Alexandr23012020GB/Content/StarterContent/Audio/Light01.uasset" 114
"../../../../../../Projects/Alexandr23012020GB/Content/StarterContent/Audio/Light01_Cue.uasset" 115
"../../../../../../Projects/Alexandr23012020GB/Content/StarterContent/Audio/Light02.uasset" 116
"../../../../../../Projects/Alexandr23012020GB/Content/StarterContent/Audio/Light02_Cue.uasset" 117
"../../../../../../Projects/Alexandr23012020GB/Content/StarterContent/Audio/Smoke01.uasset" 118
"../../../../../../Projects/Alexandr23012020GB/Content/StarterContent/Audio/Starter_Birds01.uasset" 119
"../../../../../../Projects/Alexandr23012020GB/Content/StarterContent/Audio/Starter_Music01.uasset" 120
"../../../../../../Projects/Alexandr23012020GB/Content/StarterContent/Audio/Starter_Wind05.uasset" 121
"../../../../../../Projects/Alexandr23012020GB/Content/StarterContent/Audio/Starter_Wind06.uasset" 122
"../../../../../../Projects/Alexandr23012020GB/Content/StarterContent/Audio/Steam01.uasset" 123
"../../../../../../Projects/Alexandr23012020GB/Content/StarterContent/Audio/Explosion_Cue.uasset" 124
"../../../../../../Projects/Alexandr23012020GB/Content/StarterContent/Blueprints/Blueprint_Effect_Explosion.uasset" 125
"../../../../../../Projects/Alexandr23012020GB/Content/StarterContent/FirstPerson/Character/Textures/UE4_LOGO_CARD.uasset" 126
"../../../../../../Projects/Alexandr23012020GB/Content/StarterContent/FirstPerson/FPWeapon/Materials/MaterialLayers/ML_Plastic_Shiny_Beige_LOGO.uasset" 127
"../../../../../../Projects/Alexandr23012020GB/Content/StarterContent/FirstPerson/FPWeapon/Materials/MaterialLayers/T_ML_FineRubber.uasset" 128
"../../../../../../Projects/Alexandr23012020GB/Content/StarterContent/FirstPerson/Meshes/BaseMaterial.uasset" 129
"../../../../../../Projects/Alexandr23012020GB/Content/StarterContent/FirstPerson/Meshes/FirstPersonProjectileMaterial.uasset" 130
"../../../../../../Projects/Alexandr23012020GB/Content/StarterContent/FirstPerson/Meshes/FirstPersonProjectileMesh.uasset" 131
"../../../../../../Projects/Alexandr23012020GB/Content/StarterContent/FirstPersonBP/FirstPersonOverview.uasset" 132
"../../../../../../Projects/Alexandr23012020GB/Content/StarterContent/FirstPerson/Character/Mesh/SK_Mannequin_Arms_Skeleton.uasset" 133
"../../../../../../Projects/Alexandr23012020GB/Content/StarterContent/FirstPerson/Animations/FirstPerson_Idle.uasset" 134
"../../../../../../Projects/Alexandr23012020GB/Content/StarterContent/FirstPerson/Animations/FirstPerson_JumpEnd.uasset" 135
"../../../../../../Projects/Alexandr23012020GB/Content/StarterContent/FirstPerson/Animations/FirstPerson_JumpLoop.uasset" 136
"../../../../../../Projects/Alexandr23012020GB/Content/StarterContent/FirstPerson/Animations/FirstPerson_JumpStart.uasset" 137
"../../../../../../Projects/Alexandr23012020GB/Content/StarterContent/FirstPerson/Animations/FirstPerson_Run.uasset" 138
"../../../../../../Projects/Alexandr23012020GB/Content/StarterContent/FirstPerson/Animations/FirstPerson_AnimBP.uasset" 139
"../../../../../../Projects/Alexandr23012020GB/Content/StarterContent/FirstPerson/Animations/FirstPerson_Fire.uasset" 140
"../../../../../../Projects/Alexandr23012020GB/Content/StarterContent/FirstPerson/Animations/FirstPersonFire_Montage.uasset" 141
"../../../../../../Projects/Alexandr23012020GB/Content/StarterContent/FirstPerson/Audio/FirstPersonTemplateWeaponFire02.uasset" 142
"../../../../../../Projects/Alexandr23012020GB/Content/StarterContent/FirstPerson/Character/Materials/MaterialLayers/T_ML_Rubber_Blue_01_D.uasset" 143
"../../../../../../Projects/Alexandr23012020GB/Content/StarterContent/FirstPerson/Character/Materials/MaterialLayers/T_ML_Rubber_Blue_01_N.uasset" 144
"../../../../../../Projects/Alexandr23012020GB/Content/StarterContent/FirstPerson/Character/Materials/MaterialLayers/ML_GlossyBlack_Latex_UE4.uasset" 145
"../../../../../../Projects/Alexandr23012020GB/Content/StarterContent/FirstPerson/Character/Materials/MaterialLayers/ML_Plastic_Shiny_Beige.uasset" 146
"../../../../../../Projects/Alexandr23012020GB/Content/StarterContent/FirstPerson/Character/Materials/MaterialLayers/ML_Plastic_Shiny_Beige_LOGO.uasset" 147
"../../../../../../Projects/Alexandr23012020GB/Content/StarterContent/FirstPerson/Character/Materials/MaterialLayers/T_ML_Aluminum01.uasset" 148
"../../../../../../Projects/Alexandr23012020GB/Content/StarterContent/FirstPerson/Character/Materials/MaterialLayers/T_ML_Aluminum01_N.uasset" 149
"../../../../../../Projects/Alexandr23012020GB/Content/StarterContent/FirstPerson/Character/Materials/MaterialLayers/ML_SoftMetal_UE4.uasset" 150
"../../../../../../Projects/Alexandr23012020GB/Content/StarterContent/FirstPerson/Character/Textures/UE4_Mannequin__normals.uasset" 151
"../../../../../../Projects/Alexandr23012020GB/Content/StarterContent/FirstPerson/Character/Textures/UE4_Mannequin_MAT_MASKA.uasset" 152
"../../../../../../Projects/Alexandr23012020GB/Content/StarterContent/FirstPerson/Character/Materials/M_UE4Man_Body.uasset" 153
"../../../../../../Projects/Alexandr23012020GB/Content/StarterContent/FirstPerson/Character/Mesh/SK_Mannequin_Arms_PhysicsAsset.uasset" 154
"../../../../../../Projects/Alexandr23012020GB/Content/StarterContent/FirstPerson/Character/Mesh/SK_Mannequin_Arms.uasset" 155
"../../../../../../Projects/Alexandr23012020GB/Content/StarterContent/FirstPersonBP/Blueprints/FirstPersonCharacter.uasset" 156
"../../../../../../Projects/Alexandr23012020GB/Content/StarterContent/FirstPersonBP/Blueprints/FirstPersonHUD.uasset" 157
"../../../../../../Projects/Alexandr23012020GB/Content/StarterContent/FirstPersonBP/Blueprints/FirstPersonGameMode.uasset" 158
"../../../../../../Projects/Alexandr23012020GB/Content/StarterContent/Mannequin/Character/Mesh/UE4_Mannequin_Skeleton.uasset" 159
"../../../../../../Projects/Alexandr23012020GB/Content/StarterContent/Mannequin/Animations/ThirdPersonJump_End.uasset" 160
"../../../Engine/Content/EditorMeshes/ColorCalibrator/T_ColorGrid.uasset" 161
"../../../../../../Projects/Alexandr23012020GB/Content/StarterContent/Materials/M_ColorGrid_LowSpec.uasset" 162
"../../../../../../Projects/Alexandr23012020GB/Content/StarterContent/Textures/T_Chair_M.uasset" 163
"../../../../../../Projects/Alexandr23012020GB/Content/StarterContent/Textures/T_Chair_N.uasset" 164
"../../../../../../Projects/Alexandr23012020GB/Content/StarterContent/Props/Materials/M_Chair.uasset" 165
"../../../../../../Projects/Alexandr23012020GB/Content/StarterContent/Props/SM_Couch.uasset" 166
"../../../../../../Projects/Alexandr23012020GB/Content/StarterContent/Textures/T_Detail_Rocky_N.uasset" 167
"../../../../../../Projects/Alexandr23012020GB/Content/StarterContent/Textures/T_Rock_Basalt_D.uasset" 168
"../../../../../../Projects/Alexandr23012020GB/Content/StarterContent/Textures/T_RockMesh_M.uasset" 169
"../../../../../../Projects/Alexandr23012020GB/Content/StarterContent/Textures/T_RockMesh_N.uasset" 170
"../../../../../../Projects/Alexandr23012020GB/Content/StarterContent/Props/Materials/M_Rock.uasset" 171
"../../../../../../Projects/Alexandr23012020GB/Content/StarterContent/Props/SM_Rock.uasset" 172
"../../../../../../Projects/Alexandr23012020GB/Content/StarterContent/Textures/T_Shelf_M.uasset" 173
"../../../../../../Projects/Alexandr23012020GB/Content/StarterContent/Textures/T_Shelf_N.uasset" 174
"../../../../../../Projects/Alexandr23012020GB/Content/StarterContent/Props/Materials/M_Shelf.uasset" 175
"../../../../../../Projects/Alexandr23012020GB/Content/StarterContent/Props/SM_Shelf.uasset" 176
"../../../../../../Projects/Alexandr23012020GB/Content/StarterContent/Materials/M_Basic_Floor.uasset" 177
"../../../../../../Projects/Alexandr23012020GB/Content/StarterContent/Props/SM_Stairs.uasset" 178
"../../../../../../Projects/Alexandr23012020GB/Content/StarterContent/Shapes/Shape_Cone.uasset" 179
"../../../../../../Projects/Alexandr23012020GB/Content/StarterContent/Shapes/Shape_Cylinder.uasset" 180
"../../../../../../Projects/Alexandr23012020GB/Content/StarterContent/Shapes/Shape_NarrowCapsule.uasset" 181
"../../../../../../Projects/Alexandr23012020GB/Content/StarterContent/Shapes/Shape_Pipe.uasset" 182
"../../../../../../Projects/Alexandr23012020GB/Content/StarterContent/Shapes/Shape_Pipe_180.uasset" 183
"../../../../../../Projects/Alexandr23012020GB/Content/StarterContent/Shapes/Shape_Pipe_90.uasset" 184
"../../../../../../Projects/Alexandr23012020GB/Content/StarterContent/Shapes/Shape_Plane.uasset" 185
"../../../../../../Projects/Alexandr23012020GB/Content/StarterContent/Shapes/Shape_Torus.uasset" 186
"../../../../../../Projects/Alexandr23012020GB/Content/StarterContent/Shapes/Shape_Trim.uasset" 187
"../../../../../../Projects/Alexandr23012020GB/Content/StarterContent/Shapes/Shape_Trim_90_In.uasset" 188
"../../../../../../Projects/Alexandr23012020GB/Content/StarterContent/Shapes/Shape_Trim_90_Out.uasset" 189
"../../../../../../Projects/Alexandr23012020GB/Content/StarterContent/Shapes/Shape_TriPyramid.uasset" 190
"../../../../../../Projects/Alexandr23012020GB/Content/StarterContent/Shapes/Shape_Tube.uasset" 191
"../../../../../../Projects/Alexandr23012020GB/Content/StarterContent/Shapes/Shape_Wedge_A.uasset" 192
"../../../../../../Projects/Alexandr23012020GB/Content/StarterContent/Shapes/Shape_WideCapsule.uasset" 193
"../../../../../../Projects/Alexandr23012020GB/Content/StarterContent/ThirdPersonBP/ThirdPersonOverview.uasset" 194
"../../../../../../Projects/Alexandr23012020GB/Content/StarterContent/Mannequin/Animations/ThirdPerson_Jump.uasset" 195
"../../../../../../Projects/Alexandr23012020GB/Content/StarterContent/Mannequin/Animations/ThirdPersonJump_Loop.uasset" 196
"../../../../../../Projects/Alexandr23012020GB/Content/StarterContent/Mannequin/Animations/ThirdPersonJump_Start.uasset" 197
"../../../../../../Projects/Alexandr23012020GB/Content/StarterContent/Mannequin/Animations/ThirdPersonIdle.uasset" 198
"../../../../../../Projects/Alexandr23012020GB/Content/StarterContent/Mannequin/Animations/ThirdPersonRun.uasset" 199
"../../../../../../Projects/Alexandr23012020GB/Content/StarterContent/Mannequin/Animations/ThirdPersonWalk.uasset" 200
"../../../../../../Projects/Alexandr23012020GB/Content/StarterContent/Mannequin/Animations/ThirdPerson_IdleRun_2D.uasset" 201
"../../../../../../Projects/Alexandr23012020GB/Content/StarterContent/Mannequin/Animations/ThirdPerson_AnimBP.uasset" 202
"../../../../../../Projects/Alexandr23012020GB/Content/StarterContent/Mannequin/Character/Materials/MaterialLayers/T_ML_Rubber_Blue_01_D.uasset" 203
"../../../../../../Projects/Alexandr23012020GB/Content/StarterContent/Mannequin/Character/Materials/MaterialLayers/T_ML_Rubber_Blue_01_N.uasset" 204
"../../../../../../Projects/Alexandr23012020GB/Content/StarterContent/Mannequin/Character/Materials/MaterialLayers/ML_GlossyBlack_Latex_UE4.uasset" 205
"../../../../../../Projects/Alexandr23012020GB/Content/StarterContent/Mannequin/Character/Materials/MaterialLayers/ML_Plastic_Shiny_Beige.uasset" 206
"../../../../../../Projects/Alexandr23012020GB/Content/StarterContent/Mannequin/Character/Textures/UE4_LOGO_CARD.uasset" 207
"../../../../../../Projects/Alexandr23012020GB/Content/StarterContent/Mannequin/Character/Materials/MaterialLayers/ML_Plastic_Shiny_Beige_LOGO.uasset" 208
"../../../../../../Projects/Alexandr23012020GB/Content/StarterContent/Mannequin/Character/Materials/MaterialLayers/T_ML_Aluminum01.uasset" 209
"../../../../../../Projects/Alexandr23012020GB/Content/StarterContent/Mannequin/Character/Materials/MaterialLayers/T_ML_Aluminum01_N.uasset" 210
"../../../../../../Projects/Alexandr23012020GB/Content/StarterContent/Mannequin/Character/Materials/MaterialLayers/ML_SoftMetal_UE4.uasset" 211
"../../../../../../Projects/Alexandr23012020GB/Content/StarterContent/Mannequin/Character/Textures/UE4_Mannequin__normals.uasset" 212
"../../../../../../Projects/Alexandr23012020GB/Content/StarterContent/Mannequin/Character/Textures/UE4_Mannequin_MAT_MASKA.uasset" 213
"../../../../../../Projects/Alexandr23012020GB/Content/StarterContent/Mannequin/Character/Materials/M_UE4Man_Body.uasset" 214
"../../../../../../Projects/Alexandr23012020GB/Content/StarterContent/Mannequin/Character/Textures/UE4Man_Logo_N.uasset" 215
"../../../../../../Projects/Alexandr23012020GB/Content/StarterContent/Mannequin/Character/Materials/M_UE4Man_ChestLogo.uasset" 216
"../../../../../../Projects/Alexandr23012020GB/Content/StarterContent/Mannequin/Character/Mesh/SK_Mannequin_PhysicsAsset.uasset" 217
"../../../../../../Projects/Alexandr23012020GB/Content/StarterContent/Mannequin/Character/Mesh/SK_Mannequin.uasset" 218
"../../../../../../Projects/Alexandr23012020GB/Content/StarterContent/ThirdPersonBP/Blueprints/ThirdPersonCharacter.uasset" 219
"../../../../../../Projects/Alexandr23012020GB/Content/StarterContent/ThirdPersonBP/Blueprints/ThirdPersonGameMode.uasset" 220
"../../../Engine/Content/Animation/DefaultAnimCurveCompressionSettings.uasset" 221
"../../../Engine/Content/ArtTools/RenderToTexture/Meshes/S_1_Unit_Plane.uasset" 222
"../../../Engine/Content/EngineMaterials/DefaultMaterial.uasset" 223
"../../../Engine/Content/BasicShapes/Cone.uasset" 224
"../../../Engine/Content/BasicShapes/Cylinder.uasset" 225
"../../../Engine/Content/BasicShapes/Plane.uasset" 226
"../../../Engine/Content/BasicShapes/Sphere.uasset" 227
"../../../Engine/Content/EditorLandscapeResources/DataLayer.uasset" 228
"../../../Engine/Content/EditorMaterials/GizmoMaterial.uasset" 229
"../../../Engine/Content/EditorMaterials/MAT_Groups_Toggle.uasset" 230
"../../../Engine/Content/EditorMaterials/MAT_Groups_Visibility.uasset" 231
"../../../Engine/Content/EditorMaterials/PreviewShadowIndicator.uasset" 232
"../../../Engine/Content/EditorMaterials/PreviewShadowIndicatorMaterial.uasset" 233
"../../../Engine/Content/EditorMaterials/MatineeGroups/MAT_ColorTrack.uasset" 234
"../../../Engine/Content/EditorMaterials/MatineeGroups/MAT_Groups_Anim.uasset" 235
"../../../Engine/Content/EditorMaterials/MatineeGroups/MAT_Groups_AudioMaster.uasset" 236
"../../../Engine/Content/EditorMaterials/MatineeGroups/MAT_Groups_Director.uasset" 237
"../../../Engine/Content/EditorMaterials/MatineeGroups/MAT_Groups_Event.uasset" 238
"../../../Engine/Content/EditorMaterials/MatineeGroups/MAT_Groups_Fade.uasset" 239
"../../../Engine/Content/EditorMaterials/MatineeGroups/MAT_Groups_Float.uasset" 240
"../../../Engine/Content/EditorMaterials/MatineeGroups/MAT_Groups_Move.uasset" 241
"../../../Engine/Content/EditorMaterials/MatineeGroups/MAT_Groups_Slomo.uasset" 242
"../../../Engine/Content/EditorMaterials/MatineeGroups/MAT_Groups_Sound.uasset" 243
"../../../Engine/Content/EditorMaterials/MatineeGroups/MAT_Groups_Vector.uasset" 244
"../../../Engine/Content/EditorMaterials/ParticleSystems/PSysThumbnail_NoImage.uasset" 245
"../../../Engine/Content/EditorMaterials/ParticleSystems/PSysThumbnail_OOD.uasset" 246
"../../../Engine/Content/EditorMaterials/Camera/CineMat.uasset" 247
"../../../Engine/Content/EditorMaterials/Camera/MI_CineMat_Rig.uasset" 248
"../../../Engine/Content/EditorMeshes/Camera/SM_CraneRig_Arm.uasset" 249
"../../../Engine/Content/EditorMeshes/Camera/SM_CraneRig_Base.uasset" 250
"../../../Engine/Content/EditorMeshes/Camera/SM_CraneRig_Body.uasset" 251
"../../../Engine/Content/EditorMeshes/Camera/SM_CraneRig_Mount.uasset" 252
"../../../Engine/Content/EditorMeshes/Camera/SM_RailRig_Mount.uasset" 253
"../../../Engine/Content/EditorMeshes/Camera/SM_RailRig_Track.uasset" 254
"../../../Engine/Content/EditorResources/BSPVertex.uasset" 255
"../../../Engine/Content/EditorResources/EmptyActor.uasset" 256
"../../../Engine/Content/EditorResources/S_Actor.uasset" 257
"../../../Engine/Content/EditorResources/S_Note.uasset" 258
"../../../Engine/Content/EditorResources/S_Solver.uasset" 259
"../../../Engine/Content/EditorResources/S_Trigger.uasset" 260
"../../../Engine/Content/EditorResources/AudioIcons/S_AudioComponent.uasset" 261
"../../../Engine/Content/EditorResources/AudioIcons/S_AudioComponent_AutoActivate.uasset" 262
"../../../Engine/Content/EditorResources/LightIcons/S_LightError.uasset" 263
"../../../Engine/Content/EditorResources/SequenceRecorder/Countdown.uasset" 264
"../../../Engine/Content/EditorResources/SequenceRecorder/RecordingIndicator.uasset" 265
"../../../Engine/Content/EditorSounds/Notifications/CompileFailed.uasset" 266
"../../../Engine/Content/EditorSounds/Notifications/CompileFailed_Cue.uasset" 267
"../../../Engine/Content/EditorSounds/Notifications/CompileSuccess.uasset" 268
"../../../Engine/Content/EditorSounds/Notifications/CompileStart_Cue.uasset" 269
"../../../Engine/Content/EditorSounds/Notifications/CompileSuccess_Cue.uasset" 270
"../../../Engine/Content/EngineDamageTypes/DmgTypeBP_Environmental.uasset" 271
"../../../Engine/Content/EngineDebugMaterials/HeatmapGradient.uasset" 272
"../../../Engine/Content/EngineDebugMaterials/BoneWeightMaterial.uasset" 273
"../../../Engine/Content/EngineDebugMaterials/ClothMaterial.uasset" 274
"../../../Engine/Content/EngineDebugMaterials/ClothMaterial_WF.uasset" 275
"../../../Engine/Content/EngineDebugMaterials/DebugEditorMaterial.uasset" 276
"../../../Engine/Content/EngineDebugMaterials/DebugMeshMaterial.uasset" 277
"../../../Engine/Content/EngineDebugMaterials/GeomMaterial.uasset" 278
"../../../Engine/Content/EngineDebugMaterials/M_SimpleTranslucent.uasset" 279
"../../../Engine/Content/Functions/Engine_MaterialFunctions02/Utility/CameraDirectionVector.uasset" 280
"../../../Engine/Content/EngineDebugMaterials/VolumeToRender.uasset" 281
"../../../Engine/Content/EngineDebugMaterials/M_VolumeRenderSphereTracePP.uasset" 282
"../../../Engine/Content/EngineDebugMaterials/WireframeMaterial.uasset" 283
"../../../Engine/Content/EngineFonts/Faces/RobotoBold.uasset" 284
"../../../Engine/Content/EngineFonts/Faces/RobotoBoldItalic.uasset" 285
"../../../Engine/Content/EngineFonts/Faces/RobotoItalic.uasset" 286
"../../../Engine/Content/EngineFonts/Faces/RobotoLight.uasset" 287
"../../../Engine/Content/EngineFonts/Faces/RobotoRegular.uasset" 288
"../../../Engine/Content/EngineFonts/Roboto.uasset" 289
"../../../Engine/Content/EngineMaterials/BaseFlattenDiffuseMap.uasset" 290
"../../../Engine/Content/EngineMaterials/BaseFlattenEmissiveMap.uasset" 291
"../../../Engine/Content/EngineMaterials/BaseFlattenGrayscaleMap.uasset" 292
"../../../Engine/Content/EngineMaterials/BaseFlattenNormalMap.uasset" 293
"../../../Engine/Content/EngineMaterials/BaseFlattenMaterial.uasset" 294
"../../../Engine/Content/EngineMaterials/BlueNoise.uasset" 295
"../../../Engine/Content/EngineMaterials/DefaultBloomKernel.uasset" 296
"../../../Engine/Content/EngineMaterials/DefaultBokeh.uasset" 297
"../../../Engine/Content/EngineMaterials/DefaultDiffuse.uasset" 298
"../../../Engine/Content/EngineMaterials/DefaultDeferredDecalMaterial.uasset" 299
"../../../Engine/Content/EngineMaterials/DefaultLightFunctionMaterial.uasset" 300
"../../../Engine/Content/Functions/Engine_MaterialFunctions02/Utility/BreakOutFloat2Components.uasset" 301
"../../../Engine/Content/EngineMaterials/DefaultPostProcessMaterial.uasset" 302
"../../../Engine/Content/EngineFonts/RobotoDistanceField.uasset" 303
"../../../Engine/Content/EngineMaterials/DefaultTextMaterialOpaque.uasset" 304
"../../../Engine/Content/EngineMaterials/DefaultVirtualTextureMaterial.uasset" 305
"../../../Engine/Content/EngineMaterials/DefaultWhiteGrid.uasset" 306
"../../../Engine/Content/EngineMaterials/EditorBrushMaterial.uasset" 307
"../../../Engine/Content/EngineMaterials/DefaultWhiteGrid_Low.uasset" 308
"../../../Engine/Content/EngineMaterials/EmissiveMeshMaterial.uasset" 309
"../../../Engine/Content/EngineMaterials/Good64x64TilingNoiseHighFreq.uasset" 310
"../../../Engine/Content/EngineMaterials/MiniFont.uasset" 311
"../../../Engine/Content/EngineMaterials/InvalidLightmapSettings.uasset" 312
"../../../Engine/Content/EngineMaterials/M_InvalidLightmapSettings.uasset" 313
"../../../Engine/Content/Functions/Engine_MaterialFunctions02/WorldPositionOffset/CameraOffset.uasset" 314
"../../../Engine/Content/EngineMaterials/PhAT_JointLimitMaterial.uasset" 315
"../../../Engine/Content/EngineMaterials/PreintegratedSkinBRDF.uasset" 316
"../../../Engine/Content/EngineMaterials/RemoveSurfaceMaterial.uasset" 317
"../../../Engine/Content/EngineMaterials/WeightMapPlaceholderTexture.uasset" 318
"../../../Engine/Content/EngineResources/WhiteSquareTexture.uasset" 319
"../../../Engine/Content/EngineMaterials/Widget3DPassThrough.uasset" 320
"../../../Engine/Content/EngineMaterials/Widget3DPassThrough_Masked.uasset" 321
"../../../Engine/Content/EngineMaterials/Widget3DPassThrough_Opaque.uasset" 322
"../../../Engine/Content/EngineMaterials/Widget3DPassThrough_Masked_OneSided.uasset" 323
"../../../Engine/Content/EngineMaterials/Widget3DPassThrough_Opaque_OneSided.uasset" 324
"../../../Engine/Content/EngineMaterials/Widget3DPassThrough_Translucent.uasset" 325
"../../../Engine/Content/EngineMaterials/Widget3DPassThrough_Translucent_OneSided.uasset" 326
"../../../Engine/Content/EngineMeshes/Cylinder.uasset" 327
"../../../Engine/Content/EngineMeshes/Sphere.uasset" 328
"../../../Engine/Content/EngineResources/Black.uasset" 329
"../../../Engine/Content/EngineResources/DefaultTexture.uasset" 330
"../../../Engine/Content/EngineResources/DefaultTextureCube.uasset" 331
"../../../Engine/Content/EngineResources/DefaultVolumeTexture2D.uasset" 332
"../../../Engine/Content/EngineResources/DefaultVolumeTexture.uasset" 333
"../../../Engine/Content/EngineResources/GradientTexture0.uasset" 334
"../../../Engine/Content/EngineSounds/Master.uasset" 335
"../../../Engine/Content/Functions/Engine_MaterialFunctions01/Shading/ConvertFromDiffSpec.uasset" 336
"../../../Engine/Content/Functions/Engine_MaterialFunctions01/Shading/PowerToRoughness.uasset" 337
"../../../Engine/Content/Maps/Templates/Thumbnails/Default.uasset" 338
"../../../Engine/Content/Maps/Templates/Thumbnails/VR-Basic.uasset" 339
"../../../Engine/Content/MobileResources/T_MobileControls_texture.uasset" 340
"../../../Engine/Content/MobileResources/T_MobileMenu2.uasset" 341
"../../../Engine/Content/MobileResources/HUD/AnalogHat.uasset" 342
"../../../Engine/Content/MobileResources/HUD/VirtualJoystick_Background.uasset" 343
"../../../Engine/Content/MobileResources/HUD/VirtualJoystick_Thumb.uasset" 344
"../../../Engine/Content/MobileResources/HUD/DefaultVirtualJoysticks.uasset" 345
"../../../Engine/Content/MobileResources/HUD/LeftVirtualJoystickOnly.uasset" 346
"../../../Engine/Content/MobileResources/HUD/MobileHUDButton1_off.uasset" 347
"../../../Engine/Content/MobileResources/HUD/MobileHUDButton1_on.uasset" 348
"../../../Engine/Content/MobileResources/HUD/MobileHUDButton2_off.uasset" 349
"../../../Engine/Content/MobileResources/HUD/MobileHUDButton2_on.uasset" 350
"../../../Engine/Content/MobileResources/HUD/MobileHUDButton3.uasset" 351
"../../../Engine/Content/MobileResources/HUD/MobileHUDButtonFire.uasset" 352
"../../../Engine/Content/MobileResources/HUD/MobileHUDDirectionPad.uasset" 353
"../../../Engine/Content/MobileResources/HUD/MobileHUDDirectionPad2.uasset" 354
"../../../Engine/Content/MobileResources/HUD/MobileHUDDirectionPad3.uasset" 355
"../../../Engine/Content/MobileResources/HUD/MobileHUDDirectionStick.uasset" 356
"../../../Engine/Content/MobileResources/HUD/T_Castle_ThumbstickInner.uasset" 357
"../../../Engine/Content/MobileResources/HUD/T_Castle_ThumbstickOutter.uasset" 358
"../../../Engine/Content/Tutorial/ContentIntroCurve.uasset" 359
"../../../Engine/Content/Tutorial/Basics/LevelEditorAttract.uasset" 360
"../../../Engine/Content/Tutorial/Basics/TutorialAssets/icon_tab_Levels_40x.uasset" 361
"../../../Engine/Content/Tutorial/Basics/LevelEditorOverview.uasset" 362
"../../../Engine/Content/Tutorial/Installation/InstallingVisualStudioTutorial.uasset" 363
"../../../Engine/Content/VREditor/LaserPointer/VR_LaserPower_01.uasset" 364
"../../../Engine/Content/VREditor/TransformGizmo/TransformGizmoMaterial.uasset" 365
"../../../Engine/Content/VREditor/TransformGizmo/TranslucentTransformGizmoMaterial.uasset" 366
"../../../Engine/Content/VREditor/TransformGizmo/BoundingBoxCorner.uasset" 367
"../../../Engine/Content/VREditor/TransformGizmo/BoundingBoxEdge.uasset" 368
"../../../Engine/Content/VREditor/TransformGizmo/PlaneTranslationHandle.uasset" 369
"../../../Engine/Content/VREditor/TransformGizmo/Main.uasset" 370
"../../../Engine/Content/VREditor/TransformGizmo/Xray.uasset" 371
"../../../Engine/Content/VREditor/TransformGizmo/SM_Sequencer_Key.uasset" 372
"../../../Engine/Content/VREditor/TransformGizmo/SM_Sequencer_Node.uasset" 373
"../../Plugins/2D/Paper2D/Content/PlaceholderTextures/DummySpriteTexture.uasset" 374
"../../Plugins/2D/Paper2D/Content/DummySprite.uasset" 375
"../../Plugins/2D/Paper2D/Content/DefaultPaperTerrainMaterial.uasset" 376
"../../Plugins/2D/Paper2D/Content/DummySpriteTexture.uasset" 377
"../../Plugins/2D/Paper2D/Content/DefaultSpriteMaterial.uasset" 378
"../../Plugins/2D/Paper2D/Content/MaskedUnlitSpriteMaterial.uasset" 379
"../../Plugins/2D/Paper2D/Content/OpaqueUnlitSpriteMaterial.uasset" 380
"../../Plugins/Runtime/Oculus/OculusVR/Content/OculusMR_RenderTarget.uasset" 381
"../../../Engine/Content/Functions/Engine_MaterialFunctions02/Utility/BreakOutFloat4Components.uasset" 382
"../../../Engine/Content/Functions/Engine_MaterialFunctions02/Utility/MakeFloat2.uasset" 383
"../../../Engine/Content/Functions/Engine_MaterialFunctions02/Utility/MakeFloat3.uasset" 384
"../../Plugins/Runtime/Oculus/OculusVR/Content/Materials/OculusMR_ChromaKey.uasset" 385
"../../Plugins/Runtime/Oculus/OculusVR/Content/Materials/OculusMR_ChromaKey_Lit.uasset" 386
"../../Plugins/Runtime/Oculus/OculusVR/Content/Materials/OculusMR_OpaqueColoredMaterial.uasset" 387
"../../Plugins/Runtime/Oculus/OculusVR/Content/Materials/OculusMR_WhiteMaterial.uasset" 388
"../../../../../../Projects/Alexandr23012020GB/Content/BP/AI/MainAiController.uasset" 389
"../../../../../../Projects/Alexandr23012020GB/Content/BP/AI/MainAIChar.uasset" 390
"../../../Engine/Content/EngineSky/C_Sky_Cloud_Color.uasset" 391
"../../../Engine/Content/EngineSky/C_Sky_Horizon_Color.uasset" 392
"../../../Engine/Content/EngineSky/C_Sky_Zenith_Color.uasset" 393
"../../../Engine/Content/EngineSky/T_Sky_Blue.uasset" 394
"../../../Engine/Content/EngineSky/T_Sky_Clouds_M.uasset" 395
"../../../Engine/Content/EngineSky/T_Sky_Stars.uasset" 396
"../../../Engine/Content/EngineSky/M_Sky_Panning_Clouds2.uasset" 397
"../../../Engine/Content/EngineSky/SM_SkySphere.uasset" 398
"../../../Engine/Content/EngineSky/BP_Sky_Sphere.uasset" 399
"../../../../../../Projects/Alexandr23012020GB/Content/StarterContent/Geometry/Meshes/CubeMaterial.uasset" 400
"../../../../../../Projects/Alexandr23012020GB/Content/StarterContent/Geometry/Meshes/1M_Cube.uasset" 401
"../../../../../../Projects/Alexandr23012020GB/Content/BP/Interact/DamageZone.uasset" 402
"../../../../../../Projects/Alexandr23012020GB/Content/StarterContent/Textures/T_Lamp_M.uasset" 403
"../../../../../../Projects/Alexandr23012020GB/Content/StarterContent/Textures/T_Lamp_N.uasset" 404
"../../../../../../Projects/Alexandr23012020GB/Content/StarterContent/Props/Materials/M_Lamp.uasset" 405
"../../../../../../Projects/Alexandr23012020GB/Content/StarterContent/Props/SM_Lamp_Ceiling.uasset" 406
"../../../../../../Projects/Alexandr23012020GB/Content/BP/Interact/LightingBase.uasset" 407
"../../../../../../Projects/Alexandr23012020GB/Content/StarterContent/Textures/T_Metal_Rust_D.uasset" 408
"../../../../../../Projects/Alexandr23012020GB/Content/StarterContent/Textures/T_Metal_Rust_N.uasset" 409
"../../../../../../Projects/Alexandr23012020GB/Content/StarterContent/Materials/M_Metal_Rust.uasset" 410
"../../../../../../Projects/Alexandr23012020GB/Content/StarterContent/Textures/T_Fire_SubUV.uasset" 411
"../../../../../../Projects/Alexandr23012020GB/Content/StarterContent/Textures/T_Fire_Tiled_D.uasset" 412
"../../../../../../Projects/Alexandr23012020GB/Content/StarterContent/Particles/Materials/M_Fire_SubUV.uasset" 413
"../../../../../../Projects/Alexandr23012020GB/Content/StarterContent/Textures/T_Water_N.uasset" 414
"../../../../../../Projects/Alexandr23012020GB/Content/StarterContent/Particles/Materials/M_Heat_Distortion.uasset" 415
"../../../../../../Projects/Alexandr23012020GB/Content/StarterContent/Particles/Materials/M_Radial_Gradient.uasset" 416
"../../../../../../Projects/Alexandr23012020GB/Content/StarterContent/Particles/P_Fire.uasset" 417
"../../../../../../Projects/Alexandr23012020GB/Content/BP/Interact/FireTorch.uasset" 418
"../../../../../../Projects/Alexandr23012020GB/Content/BP/Interact/HealingZone.uasset" 419
"../../../Engine/Content/BasicShapes/BasicShapeMaterial.uasset" 420
"../../../Engine/Content/BasicShapes/Cube.uasset" 421
"../../../../../../Projects/Alexandr23012020GB/Content/BP/Interact/JumpPadTest1.uasset" 422
"../../../../../../Projects/Alexandr23012020GB/Content/BP/Interact/Lamp.uasset" 423
"../../../../../../Projects/Alexandr23012020GB/Content/BP/Interact/Weapons/AssaultRiffle.uasset" 424
"../../../../../../Projects/Alexandr23012020GB/Content/StarterContent/Textures/T_CobbleStone_Smooth_D.uasset" 425
"../../../../../../Projects/Alexandr23012020GB/Content/StarterContent/Textures/T_CobbleStone_Smooth_M.uasset" 426
"../../../../../../Projects/Alexandr23012020GB/Content/StarterContent/Textures/T_CobbleStone_Smooth_N.uasset" 427
"../../../../../../Projects/Alexandr23012020GB/Content/StarterContent/Textures/T_Gradinet_01.uasset" 428
"../../../../../../Projects/Alexandr23012020GB/Content/StarterContent/Textures/T_Rock_Smooth_Granite_D.uasset" 429
"../../../../../../Projects/Alexandr23012020GB/Content/StarterContent/Materials/M_CobbleStone_Smooth.uasset" 430
"../../../../../../Projects/Alexandr23012020GB/Content/BP/Interact/Weapons/Ammunation/Shells.uasset" 431
"../../../../../../Projects/Alexandr23012020GB/Content/BP/Interact/Weapons/ShotGun.uasset" 432
"../../../../../../Projects/Alexandr23012020GB/Content/GUI/MainWindow.uasset" 433
"../../../../../../Projects/Alexandr23012020GB/Content/BP/Main/MainPlayerController.uasset" 434
"../../../../../../Projects/Alexandr23012020GB/Content/BP/Main/MainGM.uasset" 435
"../../../../../../Projects/Alexandr23012020GB/Content/Maps/Level001_sharedassets/Grass_LayerInfo.uasset" 436
"../../../../../../Projects/Alexandr23012020GB/Content/Maps/Level001_sharedassets/Ground_LayerInfo.uasset" 437
"../../../../../../Projects/Alexandr23012020GB/Content/Maps/Level001_sharedassets/Sand_LayerInfo.uasset" 438
"../../../../../../Projects/Alexandr23012020GB/Content/StarterContent/Textures/T_Ground_Grass_D.uasset" 439
"../../../../../../Projects/Alexandr23012020GB/Content/StarterContent/Textures/T_Ground_Gravel_D.uasset" 440
"../../../../../../Projects/Alexandr23012020GB/Content/StarterContent/Textures/T_Rock_Sandstone_D.uasset" 441
"../../../../../../Projects/Alexandr23012020GB/Content/BP/Material/LandScapeMaterial.uasset" 442
"../../../../../../Projects/Alexandr23012020GB/Content/StarterContent/Textures/T_Brick_Clay_Beveled_D.uasset" 443
"../../../../../../Projects/Alexandr23012020GB/Content/StarterContent/Textures/T_Brick_Clay_Beveled_M.uasset" 444
"../../../../../../Projects/Alexandr23012020GB/Content/StarterContent/Textures/T_Brick_Clay_Beveled_N.uasset" 445
"../../../../../../Projects/Alexandr23012020GB/Content/StarterContent/Materials/M_Brick_Clay_Beveled.uasset" 446
"../../../../../../Projects/Alexandr23012020GB/Content/StarterContent/Materials/M_Metal_Chrome.uasset" 447
"../../../../../../Projects/Alexandr23012020GB/Content/StarterContent/Textures/T_Perlin_Noise_M.uasset" 448
"../../../../../../Projects/Alexandr23012020GB/Content/StarterContent/Materials/M_Water_Lake.uasset" 449
"../../../Engine/Content/BasicShapes/Lake.uasset" 450
"../../../Engine/Content/EngineMaterials/DefaultPhysicalMaterial.uasset" 451
"../../../../../../Projects/Alexandr23012020GB/Content/StarterContent/Architecture/Wall_400x300.uasset" 452
"../../../../../../Projects/Alexandr23012020GB/Content/StarterContent/Architecture/Wall_Door_400x300.uasset" 453
"../../../../../../Projects/Alexandr23012020GB/Content/StarterContent/Textures/T_Bush_D.uasset" 454
"../../../../../../Projects/Alexandr23012020GB/Content/StarterContent/Textures/T_Bush_N.uasset" 455
"../../../../../../Projects/Alexandr23012020GB/Content/StarterContent/Props/Materials/M_Bush.uasset" 456
"../../../../../../Projects/Alexandr23012020GB/Content/StarterContent/Props/SM_Bush.uasset" 457
"../../../../../../Projects/Alexandr23012020GB/Content/StarterContent/Props/Materials/M_MaterialSphere.uasset" 458
"../../../../../../Projects/Alexandr23012020GB/Content/StarterContent/Props/Materials/M_MaterialSphere_Plain.uasset" 459
"../../../../../../Projects/Alexandr23012020GB/Content/StarterContent/Props/SM_MatPreviewMesh_02.uasset" 460
"../../../../../../Projects/Alexandr23012020GB/Content/StarterContent/Shapes/Shape_Wedge_B.uasset" 461
"../../../../../../Projects/Alexandr23012020GB/Content/Maps/Level001.umap" 462
"../../../Engine/Content/Functions/Engine_MaterialFunctions03/Procedurals/ComputeFilterWidth.uasset" 463
"../../../Engine/Content/EngineMaterials/AntiAliasedTextMaterialTranslucent.uasset" 464
"../../../../../../Projects/Alexandr23012020GB/Content/StarterContent/FirstPerson/Meshes/CubeMaterialOverride.uasset" 465
"../../../../../../Projects/Alexandr23012020GB/Content/StarterContent/FirstPersonBP/Maps/FirstPersonExampleMap.umap" 466
"../../../../../../Projects/Alexandr23012020GB/Content/StarterContent/Blueprints/Assets/FogBrightnessLUT.uasset" 467
"../../../../../../Projects/Alexandr23012020GB/Content/StarterContent/Blueprints/Assets/SunlightColorLUT.uasset" 468
"../../../../../../Projects/Alexandr23012020GB/Content/StarterContent/Blueprints/Assets/M_LightStage_Arrows.uasset" 469
"../../../Engine/Content/MapTemplates/Sky/DaylightAmbientCubemap.uasset" 470
"../../../../../../Projects/Alexandr23012020GB/Content/StarterContent/Blueprints/Assets/M_LightStage_Skybox_Master.uasset" 471
"../../../../../../Projects/Alexandr23012020GB/Content/StarterContent/Blueprints/Assets/M_LightStage_Skybox_Black.uasset" 472
"../../../../../../Projects/Alexandr23012020GB/Content/StarterContent/Blueprints/Assets/M_LightStage_Skybox_HDRI.uasset" 473
"../../../Engine/Content/EditorMaterials/Thumbnails/SkySphereMaterial.uasset" 474
"../../../../../../Projects/Alexandr23012020GB/Content/StarterContent/Blueprints/Assets/Skybox.uasset" 475
"../../../../../../Projects/Alexandr23012020GB/Content/StarterContent/Blueprints/Assets/SM_Arrows.uasset" 476
"../../../../../../Projects/Alexandr23012020GB/Content/StarterContent/HDRI/HDRI_Epic_Courtyard_Daylight.uasset" 477
"../../../../../../Projects/Alexandr23012020GB/Content/StarterContent/Blueprints/BP_LightStudio.uasset" 478
"../../../../../../Projects/Alexandr23012020GB/Content/StarterContent/Maps/Advanced_Lighting_BuiltData.uasset" 479
"../../../Engine/Content/EditorMeshes/ColorCalibrator/M_ChromeBall.uasset" 480
"../../../Engine/Content/EditorMeshes/ColorCalibrator/M_ClearCoat.uasset" 481
"../../../Engine/Content/EditorMeshes/ColorCalibrator/M_ClearCoatBlack.uasset" 482
"../../../Engine/Content/EditorMeshes/ColorCalibrator/Color_checker.uasset" 483
"../../../Engine/Content/EditorMeshes/ColorCalibrator/M_ColorGrid.uasset" 484
"../../../Engine/Content/EditorMeshes/ColorCalibrator/M_GreyBall.uasset" 485
"../../../Engine/Content/EditorMeshes/ColorCalibrator/SM_ColorCalibrator.uasset" 486
"../../../../../../Projects/Alexandr23012020GB/Content/StarterContent/Maps/Advanced_Lighting.umap" 487
"../../../../../../Projects/Alexandr23012020GB/Content/StarterContent/Maps/Minimal_Default_BuiltData.uasset" 488
"../../../../../../Projects/Alexandr23012020GB/Content/StarterContent/Materials/M_Metal_Brushed_Nickel.uasset" 489
"../../../../../../Projects/Alexandr23012020GB/Content/StarterContent/Textures/T_Metal_Aluminum_D.uasset" 490
"../../../../../../Projects/Alexandr23012020GB/Content/StarterContent/Materials/M_Metal_Burnished_Steel.uasset" 491
"../../../../../../Projects/Alexandr23012020GB/Content/StarterContent/Textures/T_Statue_M.uasset" 492
"../../../../../../Projects/Alexandr23012020GB/Content/StarterContent/Textures/T_Statue_N.uasset" 493
"../../../../../../Projects/Alexandr23012020GB/Content/StarterContent/Props/Materials/M_StatueGlass.uasset" 494
"../../../../../../Projects/Alexandr23012020GB/Content/StarterContent/Architecture/Floor_400x400.uasset" 495
"../../../../../../Projects/Alexandr23012020GB/Content/StarterContent/Audio/Starter_Background_Cue.uasset" 496
"../../../../../../Projects/Alexandr23012020GB/Content/StarterContent/Props/SM_Chair.uasset" 497
"../../../../../../Projects/Alexandr23012020GB/Content/StarterContent/Props/Materials/M_Statue.uasset" 498
"../../../../../../Projects/Alexandr23012020GB/Content/StarterContent/Props/SM_Statue.uasset" 499
"../../../../../../Projects/Alexandr23012020GB/Content/StarterContent/Props/SM_TableRound.uasset" 500
"../../../../../../Projects/Alexandr23012020GB/Content/StarterContent/Maps/Minimal_Default.umap" 501
"../../../../../../Projects/Alexandr23012020GB/Content/StarterContent/Audio/Fire01_Cue.uasset" 502
"../../../../../../Projects/Alexandr23012020GB/Content/StarterContent/Blueprints/Blueprint_Effect_Fire.uasset" 503
"../../../../../../Projects/Alexandr23012020GB/Content/StarterContent/Audio/Smoke01_Cue.uasset" 504
"../../../../../../Projects/Alexandr23012020GB/Content/StarterContent/Particles/P_Smoke.uasset" 505
"../../../../../../Projects/Alexandr23012020GB/Content/StarterContent/Blueprints/Blueprint_Effect_Smoke.uasset" 506
"../../../../../../Projects/Alexandr23012020GB/Content/StarterContent/Audio/Fire_Sparks01_Cue.uasset" 507
"../../../../../../Projects/Alexandr23012020GB/Content/StarterContent/Textures/T_Spark_Core.uasset" 508
"../../../../../../Projects/Alexandr23012020GB/Content/StarterContent/Particles/Materials/M_Spark.uasset" 509
"../../../../../../Projects/Alexandr23012020GB/Content/StarterContent/Particles/P_Sparks.uasset" 510
"../../../../../../Projects/Alexandr23012020GB/Content/StarterContent/Blueprints/Blueprint_Effect_Sparks.uasset" 511
"../../../../../../Projects/Alexandr23012020GB/Content/StarterContent/Audio/Steam01_Cue.uasset" 512
"../../../../../../Projects/Alexandr23012020GB/Content/StarterContent/Particles/P_Steam_Lit.uasset" 513
"../../../../../../Projects/Alexandr23012020GB/Content/StarterContent/Blueprints/Blueprint_Effect_Steam.uasset" 514
"../../../../../../Projects/Alexandr23012020GB/Content/StarterContent/Blueprints/Blueprint_CeilingLight.uasset" 515
"../../../../../../Projects/Alexandr23012020GB/Content/StarterContent/Props/SM_Lamp_Wall.uasset" 516
"../../../../../../Projects/Alexandr23012020GB/Content/StarterContent/Blueprints/Blueprint_WallSconce.uasset" 517
"../../../../../../Projects/Alexandr23012020GB/Content/StarterContent/Maps/StarterMap_BuiltData.uasset" 518
"../../../../../../Projects/Alexandr23012020GB/Content/StarterContent/Textures/T_Brick_Clay_New_D.uasset" 519
"../../../../../../Projects/Alexandr23012020GB/Content/StarterContent/Textures/T_Brick_Clay_New_M.uasset" 520
"../../../../../../Projects/Alexandr23012020GB/Content/StarterContent/Textures/T_Brick_Clay_New_N.uasset" 521
"../../../../../../Projects/Alexandr23012020GB/Content/StarterContent/Materials/M_Brick_Clay_New.uasset" 522
"../../../../../../Projects/Alexandr23012020GB/Content/StarterContent/Textures/T_Brick_Clay_Old_D.uasset" 523
"../../../../../../Projects/Alexandr23012020GB/Content/StarterContent/Textures/T_Brick_Clay_Old_N.uasset" 524
"../../../../../../Projects/Alexandr23012020GB/Content/StarterContent/Materials/M_Brick_Clay_Old.uasset" 525
"../../../../../../Projects/Alexandr23012020GB/Content/StarterContent/Textures/T_Brick_Cut_Stone_D.uasset" 526
"../../../../../../Projects/Alexandr23012020GB/Content/StarterContent/Textures/T_Brick_Cut_Stone_N.uasset" 527
"../../../../../../Projects/Alexandr23012020GB/Content/StarterContent/Materials/M_Brick_Cut_Stone.uasset" 528
"../../../../../../Projects/Alexandr23012020GB/Content/StarterContent/Textures/T_Brick_Hewn_Stone_D.uasset" 529
"../../../../../../Projects/Alexandr23012020GB/Content/StarterContent/Textures/T_Brick_Hewn_Stone_M.uasset" 530
"../../../../../../Projects/Alexandr23012020GB/Content/StarterContent/Textures/T_Brick_Hewn_Stone_N.uasset" 531
"../../../../../../Projects/Alexandr23012020GB/Content/StarterContent/Materials/M_Brick_Hewn_Stone.uasset" 532
"../../../../../../Projects/Alexandr23012020GB/Content/StarterContent/Textures/T_Ceramic_Tile_N.uasset" 533
"../../../../../../Projects/Alexandr23012020GB/Content/StarterContent/Textures/T_Rock_Marble_Polished_D.uasset" 534
"../../../../../../Projects/Alexandr23012020GB/Content/StarterContent/Materials/M_Ceramic_Tile_Checker.uasset" 535
"../../../../../../Projects/Alexandr23012020GB/Content/StarterContent/Textures/T_CobbleStone_Pebble_D.uasset" 536
"../../../../../../Projects/Alexandr23012020GB/Content/StarterContent/Textures/T_CobbleStone_Pebble_M.uasset" 537
"../../../../../../Projects/Alexandr23012020GB/Content/StarterContent/Textures/T_CobbleStone_Pebble_N.uasset" 538
"../../../../../../Projects/Alexandr23012020GB/Content/StarterContent/Materials/M_CobbleStone_Pebble.uasset" 539
"../../../../../../Projects/Alexandr23012020GB/Content/StarterContent/Textures/T_CobbleStone_Rough_D.uasset" 540
"../../../../../../Projects/Alexandr23012020GB/Content/StarterContent/Textures/T_CobbleStone_Rough_N.uasset" 541
"../../../../../../Projects/Alexandr23012020GB/Content/StarterContent/Materials/M_CobbleStone_Rough.uasset" 542
"../../../../../../Projects/Alexandr23012020GB/Content/StarterContent/Textures/T_Concrete_Grime_D.uasset" 543
"../../../../../../Projects/Alexandr23012020GB/Content/StarterContent/Materials/M_Concrete_Grime.uasset" 544
"../../../../../../Projects/Alexandr23012020GB/Content/StarterContent/Textures/T_Concrete_Panels_D.uasset" 545
"../../../../../../Projects/Alexandr23012020GB/Content/StarterContent/Textures/T_Concrete_Panels_N.uasset" 546
"../../../../../../Projects/Alexandr23012020GB/Content/StarterContent/Materials/M_Concrete_Panels.uasset" 547
"../../../../../../Projects/Alexandr23012020GB/Content/StarterContent/Textures/T_Concrete_Poured_D.uasset" 548
"../../../../../../Projects/Alexandr23012020GB/Content/StarterContent/Textures/T_Concrete_Poured_N.uasset" 549
"../../../../../../Projects/Alexandr23012020GB/Content/StarterContent/Materials/M_Concrete_Poured.uasset" 550
"../../../../../../Projects/Alexandr23012020GB/Content/StarterContent/Textures/T_Concrete_Tiles_D.uasset" 551
"../../../../../../Projects/Alexandr23012020GB/Content/StarterContent/Textures/T_Concrete_Tiles_M.uasset" 552
"../../../../../../Projects/Alexandr23012020GB/Content/StarterContent/Textures/T_Concrete_Tiles_N.uasset" 553
"../../../../../../Projects/Alexandr23012020GB/Content/StarterContent/Textures/T_Concrete_Tiles_Variation_M.uasset" 554
"../../../../../../Projects/Alexandr23012020GB/Content/StarterContent/Materials/M_Concrete_Tiles.uasset" 555
"../../../../../../Projects/Alexandr23012020GB/Content/StarterContent/Textures/T_Ground_Grass_N.uasset" 556
"../../../../../../Projects/Alexandr23012020GB/Content/StarterContent/Materials/M_Ground_Grass.uasset" 557
"../../../../../../Projects/Alexandr23012020GB/Content/StarterContent/Textures/T_Ground_Gravel_N.uasset" 558
"../../../../../../Projects/Alexandr23012020GB/Content/StarterContent/Materials/M_Ground_Gravel.uasset" 559
"../../../../../../Projects/Alexandr23012020GB/Content/StarterContent/Textures/T_ground_Moss_D.uasset" 560
"../../../../../../Projects/Alexandr23012020GB/Content/StarterContent/Textures/T_Ground_Moss_N.uasset" 561
"../../../../../../Projects/Alexandr23012020GB/Content/StarterContent/Materials/M_Ground_Moss.uasset" 562
"../../../../../../Projects/Alexandr23012020GB/Content/StarterContent/Textures/T_Metal_Gold_D.uasset" 563
"../../../../../../Projects/Alexandr23012020GB/Content/StarterContent/Materials/M_Metal_Gold.uasset" 564
"../../../../../../Projects/Alexandr23012020GB/Content/StarterContent/Textures/T_Metal_Steel_D.uasset" 565
"../../../../../../Projects/Alexandr23012020GB/Content/StarterContent/Textures/T_Metal_Steel_N.uasset" 566
"../../../../../../Projects/Alexandr23012020GB/Content/StarterContent/Materials/M_Metal_Steel.uasset" 567
"../../../../../../Projects/Alexandr23012020GB/Content/StarterContent/Textures/T_Rock_Basalt_N.uasset" 568
"../../../../../../Projects/Alexandr23012020GB/Content/StarterContent/Materials/M_Rock_Basalt.uasset" 569
"../../../../../../Projects/Alexandr23012020GB/Content/StarterContent/Materials/M_Rock_Marble_Polished.uasset" 570
"../../../../../../Projects/Alexandr23012020GB/Content/StarterContent/Textures/T_Rock_Sandstone_N.uasset" 571
"../../../../../../Projects/Alexandr23012020GB/Content/StarterContent/Materials/M_Rock_Sandstone.uasset" 572
"../../../../../../Projects/Alexandr23012020GB/Content/StarterContent/Textures/T_Rock_Slate_D.uasset" 573
"../../../../../../Projects/Alexandr23012020GB/Content/StarterContent/Textures/T_Rock_Slate_N.uasset" 574
"../../../../../../Projects/Alexandr23012020GB/Content/StarterContent/Materials/M_Rock_Slate.uasset" 575
"../../../../../../Projects/Alexandr23012020GB/Content/StarterContent/Textures/T_Checker_Noise_M.uasset" 576
"../../../../../../Projects/Alexandr23012020GB/Content/StarterContent/Textures/T_Single_Tile_N.uasset" 577
"../../../../../../Projects/Alexandr23012020GB/Content/StarterContent/Textures/T_Tech_Dot_M.uasset" 578
"../../../../../../Projects/Alexandr23012020GB/Content/StarterContent/Textures/T_Tech_Dot_N.uasset" 579
"../../../../../../Projects/Alexandr23012020GB/Content/StarterContent/Materials/M_Tech_Checker_Dot.uasset" 580
"../../../../../../Projects/Alexandr23012020GB/Content/StarterContent/Textures/T_Tech_Hex_Tile_M.uasset" 581
"../../../../../../Projects/Alexandr23012020GB/Content/StarterContent/Textures/T_Tech_Hex_Tile_N.uasset" 582
"../../../../../../Projects/Alexandr23012020GB/Content/StarterContent/Materials/M_Tech_Hex_Tile.uasset" 583
"../../../../../../Projects/Alexandr23012020GB/Content/StarterContent/Materials/M_Tech_Hex_Tile_Pulse.uasset" 584
"../../../../../../Projects/Alexandr23012020GB/Content/StarterContent/Textures/T_Tech_Panel_M.uasset" 585
"../../../../../../Projects/Alexandr23012020GB/Content/StarterContent/Textures/T_Tech_Panel_N.uasset" 586
"../../../../../../Projects/Alexandr23012020GB/Content/StarterContent/Materials/M_Tech_Panel.uasset" 587
"../../../../../../Projects/Alexandr23012020GB/Content/StarterContent/Textures/T_Water_M.uasset" 588
"../../../../../../Projects/Alexandr23012020GB/Content/StarterContent/Materials/M_Water_Ocean.uasset" 589
"../../../../../../Projects/Alexandr23012020GB/Content/StarterContent/Textures/T_Wood_Floor_Walnut_D.uasset" 590
"../../../../../../Projects/Alexandr23012020GB/Content/StarterContent/Textures/T_Wood_Floor_Walnut_M.uasset" 591
"../../../../../../Projects/Alexandr23012020GB/Content/StarterContent/Textures/T_Wood_Floor_Walnut_N.uasset" 592
"../../../../../../Projects/Alexandr23012020GB/Content/StarterContent/Materials/M_Wood_Floor_Walnut_Polished.uasset" 593
"../../../Engine/Content/Functions/Engine_MaterialFunctions01/Opacity/AlphaOffset.uasset" 594
"../../../../../../Projects/Alexandr23012020GB/Content/StarterContent/Materials/M_Wood_Floor_Walnut_Worn.uasset" 595
"../../../../../../Projects/Alexandr23012020GB/Content/StarterContent/Textures/T_Wood_Oak_D.uasset" 596
"../../../../../../Projects/Alexandr23012020GB/Content/StarterContent/Textures/T_Wood_Oak_N.uasset" 597
"../../../../../../Projects/Alexandr23012020GB/Content/StarterContent/Materials/M_Wood_Oak.uasset" 598
"../../../../../../Projects/Alexandr23012020GB/Content/StarterContent/Textures/T_Wood_Pine_D.uasset" 599
"../../../../../../Projects/Alexandr23012020GB/Content/StarterContent/Textures/T_Wood_Pine_N.uasset" 600
"../../../../../../Projects/Alexandr23012020GB/Content/StarterContent/Materials/M_Wood_Pine.uasset" 601
"../../../../../../Projects/Alexandr23012020GB/Content/StarterContent/Textures/T_Wood_Walnut_D.uasset" 602
"../../../../../../Projects/Alexandr23012020GB/Content/StarterContent/Textures/T_Wood_Walnut_N.uasset" 603
"../../../../../../Projects/Alexandr23012020GB/Content/StarterContent/Materials/M_Wood_Walnut.uasset" 604
"../../../../../../Projects/Alexandr23012020GB/Content/StarterContent/Architecture/Wall_400x200.uasset" 605
"../../../../../../Projects/Alexandr23012020GB/Content/StarterContent/Architecture/Wall_Window_400x300.uasset" 606
"../../../../../../Projects/Alexandr23012020GB/Content/StarterContent/Audio/Starter_Music_Cue.uasset" 607
"../../../../../../Projects/Alexandr23012020GB/Content/StarterContent/Textures/T_Dust_Particle_D.uasset" 608
"../../../../../../Projects/Alexandr23012020GB/Content/StarterContent/Particles/Materials/M_Dust_Particle.uasset" 609
"../../../../../../Projects/Alexandr23012020GB/Content/StarterContent/Particles/P_Ambient_Dust.uasset" 610
"../../../../../../Projects/Alexandr23012020GB/Content/StarterContent/Props/SM_CornerFrame.uasset" 611
"../../../../../../Projects/Alexandr23012020GB/Content/StarterContent/Props/SM_GlassWindow.uasset" 612
"../../../../../../Projects/Alexandr23012020GB/Content/StarterContent/Props/SM_PillarFrame.uasset" 613
"../../../../../../Projects/Alexandr23012020GB/Content/StarterContent/Props/SM_PillarFrame300.uasset" 614
"../../../../../../Projects/Alexandr23012020GB/Content/StarterContent/Props/SM_WindowFrame.uasset" 615
"../../../../../../Projects/Alexandr23012020GB/Content/StarterContent/Shapes/Shape_Cube.uasset" 616
"../../../../../../Projects/Alexandr23012020GB/Content/StarterContent/Shapes/Shape_QuadPyramid.uasset" 617
"../../../../../../Projects/Alexandr23012020GB/Content/StarterContent/Shapes/Shape_Sphere.uasset" 618
"../../../../../../Projects/Alexandr23012020GB/Content/StarterContent/Maps/StarterMap.umap" 619
"../../../../../../Projects/Alexandr23012020GB/Content/StarterContent/ThirdPersonBP/Maps/ThirdPersonExampleMap_BuiltData.uasset" 620
"../../../../../../Projects/Alexandr23012020GB/Content/StarterContent/Geometry/Meshes/1M_Cube_Chamfer.uasset" 621
"../../../../../../Projects/Alexandr23012020GB/Content/StarterContent/Geometry/Meshes/TemplateFloor.uasset" 622
"../../../../../../Projects/Alexandr23012020GB/Content/StarterContent/ThirdPerson/Meshes/RampMaterial.uasset" 623
"../../../../../../Projects/Alexandr23012020GB/Content/StarterContent/ThirdPerson/Meshes/Bump_StaticMesh.uasset" 624
"../../../../../../Projects/Alexandr23012020GB/Content/StarterContent/ThirdPerson/Meshes/LeftArm_StaticMesh.uasset" 625
"../../../../../../Projects/Alexandr23012020GB/Content/StarterContent/ThirdPerson/Meshes/Linear_Stair_StaticMesh.uasset" 626
"../../../../../../Projects/Alexandr23012020GB/Content/StarterContent/ThirdPerson/Meshes/Ramp_StaticMesh.uasset" 627
"../../../../../../Projects/Alexandr23012020GB/Content/StarterContent/ThirdPerson/Meshes/RightArm_StaticMesh.uasset" 628
"../../../../../../Projects/Alexandr23012020GB/Content/StarterContent/ThirdPersonBP/Maps/ThirdPersonExampleMap.umap" 629
"../../../Engine/Content/Maps/Entry_BuiltData.uasset" 630
"../../../Engine/Content/Maps/Entry.umap" 631
